<?xml version="1.0" encoding="UTF-8"?>
<!-- Generated by org.testng.reporters.JUnitReportReporter -->
<testsuite skipped="1" hostname="Vikash-PC" name="test.IsDisplayedEnabledSelected" tests="1" failures="0" timestamp="12 Jan 2019 03:03:23 GMT" time="0.000" errors="0">
  <testcase name="Method" time="0.000" classname="test.IsDisplayedEnabledSelected">
    <skipped/>
  </testcase> <!-- Method -->
</testsuite> <!-- test.IsDisplayedEnabledSelected -->
