<?xml version="1.0" encoding="UTF-8"?>
<!-- Generated by org.testng.reporters.JUnitReportReporter -->
<testsuite skipped="1" hostname="Vikash-PC" name="test.Dropdown" tests="1" failures="0" timestamp="12 Jan 2019 03:09:40 GMT" time="0.000" errors="0">
  <testcase name="SelectDropDOwn" time="0.000" classname="test.Dropdown">
    <skipped/>
  </testcase> <!-- SelectDropDOwn -->
</testsuite> <!-- test.Dropdown -->
