<?xml version="1.0" encoding="UTF-8"?>
<!-- Generated by org.testng.reporters.JUnitReportReporter -->
<testsuite skipped="1" hostname="Vikash-PC" name="test.ExplicitWait" tests="1" failures="0" timestamp="12 Jan 2019 03:03:23 GMT" time="0.000" errors="0">
  <testcase name="explicitwait" time="0.000" classname="test.ExplicitWait">
    <skipped/>
  </testcase> <!-- explicitwait -->
</testsuite> <!-- test.ExplicitWait -->
