<?xml version="1.0" encoding="UTF-8"?>
<!-- Generated by org.testng.reporters.JUnitReportReporter -->
<testsuite skipped="0" hostname="Vikash-PC" name="test.Capability" tests="1" failures="0" timestamp="12 Jan 2019 03:09:40 GMT" time="16.234" errors="0">
  <testcase name="BrowserCap" time="16.234" classname="test.Capability"/>
</testsuite> <!-- test.Capability -->
