<?xml version="1.0" encoding="UTF-8"?>
<!-- Generated by org.testng.reporters.JUnitReportReporter -->
<testsuite skipped="0" hostname="Vikash-PC" name="test.ActionsFrame" tests="1" failures="0" timestamp="11 Jan 2019 01:37:15 GMT" time="6.273" errors="0">
  <testcase name="dragAndDrop" time="6.273" classname="test.ActionsFrame"/>
</testsuite> <!-- test.ActionsFrame -->
