<?xml version="1.0" encoding="UTF-8"?>
<!-- Generated by org.testng.reporters.JUnitReportReporter -->
<testsuite skipped="0" hostname="Vikash-PC" name="test.Login" tests="1" failures="0" timestamp="10 Jan 2019 16:17:41 GMT" time="31.351" errors="0">
  <testcase name="Login" time="31.351" classname="test.Login"/>
</testsuite> <!-- test.Login -->
