<?xml version="1.0" encoding="UTF-8"?>
<!-- Generated by org.testng.reporters.JUnitReportReporter -->
<testsuite skipped="0" hostname="Vikash-PC" name="test.JavaScriptExecuters" tests="1" failures="0" timestamp="11 Jan 2019 13:44:41 GMT" time="7.284" errors="0">
  <testcase name="JavaScript" time="7.284" classname="test.JavaScriptExecuters"/>
</testsuite> <!-- test.JavaScriptExecuters -->
