<?xml version="1.0" encoding="UTF-8"?>
<!-- Generated by org.testng.reporters.JUnitReportReporter -->
<testsuite skipped="0" hostname="Vikash-PC" name="test.Capability" tests="1" failures="0" timestamp="11 Jan 2019 18:03:51 GMT" time="15.277" errors="0">
  <testcase name="BrowserCap" time="15.277" classname="test.Capability"/>
</testsuite> <!-- test.Capability -->
