<?xml version="1.0" encoding="UTF-8"?>
<!-- Generated by org.testng.reporters.JUnitReportReporter -->
<testsuite skipped="0" hostname="Vikash-PC" name="test.WebTable2" tests="1" failures="0" timestamp="11 Jan 2019 16:05:42 GMT" time="60.531" errors="0">
  <testcase name="table" time="60.531" classname="test.WebTable2"/>
</testsuite> <!-- test.WebTable2 -->
