<?xml version="1.0" encoding="UTF-8"?>
<!-- Generated by org.testng.reporters.JUnitReportReporter -->
<testsuite skipped="0" hostname="Vikash-PC" name="test.RadioButton" tests="1" failures="0" timestamp="10 Jan 2019 16:36:12 GMT" time="14.855" errors="0">
  <testcase name="SelectDropDOwn" time="14.855" classname="test.RadioButton"/>
</testsuite> <!-- test.RadioButton -->
