<?xml version="1.0" encoding="UTF-8"?>
<!-- Generated by org.testng.reporters.JUnitReportReporter -->
<testsuite skipped="0" hostname="Vikash-PC" name="test.ProcessKill" tests="1" failures="0" timestamp="11 Jan 2019 14:05:33 GMT" time="0.046" errors="0">
  <testcase name="method" time="0.046" classname="test.ProcessKill"/>
</testsuite> <!-- test.ProcessKill -->
