<?xml version="1.0" encoding="UTF-8"?>
<!-- Generated by org.testng.reporters.JUnitReportReporter -->
<testsuite skipped="0" hostname="Vikash-PC" name="test.AlertTest" tests="1" failures="0" timestamp="11 Jan 2019 03:15:19 GMT" time="17.229" errors="0">
  <testcase name="SelectDropDOwn" time="17.229" classname="test.AlertTest"/>
</testsuite> <!-- test.AlertTest -->
